2025-06-19 18:01:29.890 [background-preinit] INFO  o.h.validator.internal.util.Version - HV000001: Hibernate Validator 8.0.2.Final
2025-06-19 18:01:29.954 [main] INFO  c.z.o.OutboundApiApplicationTests - Starting OutboundApiApplicationTests using Java 17.0.14 with PID 23544 (started by jeanny_chiu in C:\Users\jeanny_chiu\znt-outbound-api)
2025-06-19 18:01:29.954 [main] INFO  c.z.o.OutboundApiApplicationTests - No active profile set, falling back to 1 default profile: "default"
2025-06-19 18:01:31.171 [main] INFO  o.s.d.r.c.RepositoryConfigurationDelegate - Bootstrapping Spring Data JPA repositories in DEFAULT mode.
2025-06-19 18:01:31.212 [main] INFO  o.s.d.r.c.RepositoryConfigurationDelegate - Finished Spring Data repository scanning in 22 ms. Found 0 JPA repository interfaces.
2025-06-19 18:01:32.155 [main] INFO  o.h.jpa.internal.util.LogHelper - HHH000204: Processing PersistenceUnitInfo [name: default]
2025-06-19 18:01:32.263 [main] INFO  org.hibernate.Version - HHH000412: Hibernate ORM core version 6.6.15.Final
2025-06-19 18:01:32.324 [main] INFO  o.h.c.i.RegionFactoryInitiator - HHH000026: Second-level cache disabled
2025-06-19 18:01:32.788 [main] INFO  o.s.o.j.p.SpringPersistenceUnitInfo - No LoadTimeWeaver setup: ignoring JPA class transformer
2025-06-19 18:01:32.832 [main] INFO  com.zaxxer.hikari.HikariDataSource - HikariPool-1 - Starting...
2025-06-19 18:01:33.519 [main] INFO  com.zaxxer.hikari.pool.HikariPool - HikariPool-1 - Added connection oracle.jdbc.driver.T4CConnection@1a43a88e
2025-06-19 18:01:33.523 [main] INFO  com.zaxxer.hikari.HikariDataSource - HikariPool-1 - Start completed.
2025-06-19 18:01:33.571 [main] WARN  org.hibernate.orm.deprecation - HHH90000025: OracleDialect does not need to be specified explicitly using 'hibernate.dialect' (remove the property setting and it will be selected by default)
2025-06-19 18:01:33.759 [main] INFO  o.hibernate.orm.connections.pooling - HHH10001005: Database info:
	Database JDBC URL [Connecting through datasource 'HikariDataSource (HikariPool-1)']
	Database driver: undefined/unknown
	Database version: 19.3
	Autocommit mode: undefined/unknown
	Isolation level: undefined/unknown
	Minimum pool size: undefined/unknown
	Maximum pool size: undefined/unknown
2025-06-19 18:01:34.339 [main] INFO  o.h.e.t.j.p.i.JtaPlatformInitiator - HHH000489: No JTA platform available (set 'hibernate.transaction.jta.platform' to enable JTA platform integration)
2025-06-19 18:01:34.345 [main] INFO  o.s.o.j.LocalContainerEntityManagerFactoryBean - Initialized JPA EntityManagerFactory for persistence unit 'default'
2025-06-19 18:01:34.568 [main] INFO  c.z.o.service.ApiConfigService - 正在為物流商 'FEILIKS' 從資料庫載入 API 設定...
2025-06-19 18:01:34.594 [main] INFO  c.z.o.service.ApiConfigService - API 設定載入成功。Provider: FEILIKS, URL: https://api-beta.feiliks-hn.com/order, Part Code: D3101D1148, Secret Key: (已隱藏)
2025-06-19 18:01:35.048 [main] WARN  o.s.b.a.o.j.JpaBaseConfiguration$JpaWebConfiguration - spring.jpa.open-in-view is enabled by default. Therefore, database queries may be performed during view rendering. Explicitly configure spring.jpa.open-in-view to disable this warning
2025-06-19 18:01:36.221 [main] INFO  c.z.o.OutboundApiApplicationTests - Started OutboundApiApplicationTests in 6.957 seconds (process running for 8.483)
2025-06-19 18:01:37.192 [SpringApplicationShutdownHook] INFO  o.s.o.j.LocalContainerEntityManagerFactoryBean - Closing JPA EntityManagerFactory for persistence unit 'default'
2025-06-19 18:01:37.196 [SpringApplicationShutdownHook] INFO  com.zaxxer.hikari.HikariDataSource - HikariPool-1 - Shutdown initiated...
2025-06-19 18:01:37.220 [SpringApplicationShutdownHook] INFO  com.zaxxer.hikari.HikariDataSource - HikariPool-1 - Shutdown completed.
